2026-01-03 15:45:13 start
2026-01-03 15:45:13 tray init
2026-01-03 15:45:47 detach 6-4
2026-01-03 15:45:47 
2026-01-03 15:46:19 detach 6-4
2026-01-03 15:46:19 
2026-01-03 15:46:43 attach 6-4
2026-01-03 15:56:24 start
2026-01-03 15:56:24 tray init
2026-01-03 15:56:42 detach 6-4
2026-01-03 15:56:42 
2026-01-03 15:57:03 attach 6-4
2026-01-03 16:11:57 start
2026-01-03 16:11:57 tray init
2026-01-03 16:12:20 detach requested
2026-01-03 16:12:21 detach devices: 3-1    0bda:2172  BillBoard Device                                              Not shared
2026-01-03 16:12:21 detach devices: 3-3    0bda:2172  BillBoard Device                                              Not shared
2026-01-03 16:12:21 detach devices: 3-5    0451:ace1  TPS DMC Family                                                Not shared
2026-01-03 16:12:21 detach devices: 6-4    1050:0407  USB Input Device, Microsoft Usbccid Smartcard Reader (WUDF)   Attached
2026-01-03 16:12:21 detach devices: 6-5    0408:546b  HP 5MP Camera, HP IR Camera, USB Input Device, Camera DFU...  Not shared
2026-01-03 16:12:21 detach devices: 6-6    8087:0037  Intel(R) Wireless Bluetooth(R)                                Not shared
2026-01-03 16:12:21 detach devices: 8-4    046d:c539  G703 LIGHTSPEED, USB Input Device, LIGHTSPEED Receiver, V...  Not shared
2026-01-03 16:12:21 detach devices: 10-2   0bda:8156  Realtek Gaming USB 2.5GbE Family Controller                   Not shared
2026-01-03 16:12:21 detach devices: 12-1   1235:8211  Scarlett Solo USB, Focusrite Control                          Not shared
2026-01-03 16:12:21 detach devices: 12-2   3434:0aa0  USB Input Device                                              Not shared
2026-01-03 16:12:21 detach devices: 12-4   534d:2109  USB Video, USB Digital Audio, USB Input Device                Not shared
2026-01-03 16:12:21 detach 6-4
2026-01-03 16:12:21 detach exit 0 
2026-01-03 16:12:38 detach requested
2026-01-03 16:12:38 detach devices: 3-1    0bda:2172  BillBoard Device                                              Not shared
2026-01-03 16:12:38 detach devices: 3-3    0bda:2172  BillBoard Device                                              Not shared
2026-01-03 16:12:38 detach devices: 3-5    0451:ace1  TPS DMC Family                                                Not shared
2026-01-03 16:12:38 detach devices: 6-4    1050:0407  USB Input Device, Microsoft Usbccid Smartcard Reader (WUDF)   Attached
2026-01-03 16:12:38 detach devices: 6-5    0408:546b  HP 5MP Camera, HP IR Camera, USB Input Device, Camera DFU...  Not shared
2026-01-03 16:12:38 detach devices: 6-6    8087:0037  Intel(R) Wireless Bluetooth(R)                                Not shared
2026-01-03 16:12:38 detach devices: 8-4    046d:c539  G703 LIGHTSPEED, USB Input Device, LIGHTSPEED Receiver, V...  Not shared
2026-01-03 16:12:38 detach devices: 10-2   0bda:8156  Realtek Gaming USB 2.5GbE Family Controller                   Not shared
2026-01-03 16:12:38 detach devices: 12-1   1235:8211  Scarlett Solo USB, Focusrite Control                          Not shared
2026-01-03 16:12:38 detach devices: 12-2   3434:0aa0  USB Input Device                                              Not shared
2026-01-03 16:12:38 detach devices: 12-4   534d:2109  USB Video, USB Digital Audio, USB Input Device                Not shared
2026-01-03 16:12:38 detach 6-4
2026-01-03 16:12:38 detach exit 0 
